


ARM Macro Assembler    Page 1 


    1 00000000         ; IO.s
    2 00000000         ; Student names: change this to your names or look very 
                       silly
    3 00000000         ; Last modification date: change this to the last modifi
                       cation date or look very silly
    4 00000000         ; Runs on LM4F120/TM4C123
    5 00000000         
    6 00000000         ; EE319K lab 7 device driver for the switch and LED.
    7 00000000         ; You are allowed to use any switch and any LED,
    8 00000000         ; although the Lab suggests the SW1 switch PF4 and Red L
                       ED PF1
    9 00000000         
   10 00000000         ; As part of Lab 7, students need to implement these thr
                       ee functions
   11 00000000         
   12 00000000         ; negative logic SW2 connected to PF0 on the Launchpad
   13 00000000         ; red LED connected to PF1 on the Launchpad
   14 00000000         ; blue LED connected to PF2 on the Launchpad
   15 00000000         ; green LED connected to PF3 on the Launchpad
   16 00000000         ; negative logic SW1 connected to PF4 on the Launchpad
   17 00000000         
   18 00000000                 EXPORT           IO_Init
   19 00000000                 EXPORT           IO_Touch
   20 00000000                 EXPORT           IO_HeartBeat
   21 00000000         
   22 00000000 400253FC 
                       GPIO_PORTF_DATA_R
                               EQU              0x400253FC
   23 00000000 40025400 
                       GPIO_PORTF_DIR_R
                               EQU              0x40025400
   24 00000000 40025420 
                       GPIO_PORTF_AFSEL_R
                               EQU              0x40025420
   25 00000000 40025510 
                       GPIO_PORTF_PUR_R
                               EQU              0x40025510
   26 00000000 4002551C 
                       GPIO_PORTF_DEN_R
                               EQU              0x4002551C
   27 00000000 40025520 
                       GPIO_PORTF_LOCK_R
                               EQU              0x40025520
   28 00000000 40025524 
                       GPIO_PORTF_CR_R
                               EQU              0x40025524
   29 00000000 40025528 
                       GPIO_PORTF_AMSEL_R
                               EQU              0x40025528
   30 00000000 4002552C 
                       GPIO_PORTF_PCTL_R
                               EQU              0x4002552C
   31 00000000 4C4F434B 
                       GPIO_LOCK_KEY
                               EQU              0x4C4F434B  ; Unlocks the GPIO_
                                                            CR register
   32 00000000 40025004 
                       PF0     EQU              0x40025004
   33 00000000 40025008 



ARM Macro Assembler    Page 2 


                       PF1     EQU              0x40025008
   34 00000000 40025010 
                       PF2     EQU              0x40025010
   35 00000000 40025020 
                       PF3     EQU              0x40025020
   36 00000000 40025040 
                       PF4     EQU              0x40025040
   37 00000000 40025038 
                       LEDS    EQU              0x40025038
   38 00000000 00000002 
                       RED     EQU              0x02
   39 00000000 00000004 
                       BLUE    EQU              0x04
   40 00000000 00000008 
                       GREEN   EQU              0x08
   41 00000000 40025044 
                       SWITCHES
                               EQU              0x40025044
   42 00000000 00000010 
                       SW1     EQU              0x10        ; on the left side 
                                                            of the Launchpad bo
                                                            ard
   43 00000000 00000001 
                       SW2     EQU              0x01        ; on the right side
                                                             of the Launchpad b
                                                            oard
   44 00000000 400FE608 
                       SYSCTL_RCGCGPIO_R
                               EQU              0x400FE608
   45 00000000         
   46 00000000                 AREA             |.text|, CODE, READONLY, ALIGN=
2
   47 00000000                 THUMB
   48 00000000         
   49 00000000         
   50 00000000         
   51 00000000         ;------------IO_Init------------
   52 00000000         ; Initialize GPIO Port for a switch and an LED
   53 00000000         ; Input: none
   54 00000000         ; Output: none
   55 00000000         ; This is a public function
   56 00000000         ; Invariables: This function must not permanently modify
                        registers R4 to R11
   57 00000000         IO_Init
   58 00000000 4816            LDR              R0, =SYSCTL_RCGCGPIO_R
   59 00000002 6801            LDR              R1, [R0]
   60 00000004 F041 0120       ORR              R1, #0x20
   61 00000008 6001            STR              R1, [R0]
   62 0000000A BF00            NOP
   63 0000000C BF00            NOP                          ;set port f clock t
                                                            o on and stabalize
   64 0000000E 4814            LDR              R0, =GPIO_PORTF_DIR_R
   65 00000010 6801            LDR              R1, [R0]
   66 00000012 F021 0111       BIC              R1, #0x11   ;port f switches
   67 00000016 F041 010E       ORR              R1, #0x0E   ;port f LEDs
   68 0000001A 6001            STR              R1, [R0]    ;set port f directi
                                                            ons
   69 0000001C 4811            LDR              R0, =GPIO_PORTF_DEN_R
   70 0000001E 6801            LDR              R1, [R0]



ARM Macro Assembler    Page 3 


   71 00000020 F041 011F       ORR              R1, #0x1F
   72 00000024 6001            STR              R1, [R0]    ;set all digital in
                                                            puts/outputs
   73 00000026 4810            LDR              R0, =GPIO_PORTF_AFSEL_R
   74 00000028 6801            LDR              R1, [R0]
   75 0000002A F021 011F       BIC              R1, #0x1F
   76 0000002E 6001            STR              R1, [R0]    ;disable alter func
                                                            tions
   77 00000030 480E            LDR              R0, =GPIO_PORTF_PUR_R
   78 00000032 6801            LDR              R1, [R0]
   79 00000034 F041 0111       ORR              R1, #0x11
   80 00000038 6001            STR              R1, [R0]    ;pull up resistors 
                                                            on the two port f s
                                                            witches
   81 0000003A         
   82 0000003A 4770            BX               LR
   83 0000003C         ;* * * * * * * * End of IO_Init * * * * * * * *
   84 0000003C         
   85 0000003C         ;------------IO_HeartBeat------------
   86 0000003C         ; Toggle the output state of the LED.
   87 0000003C         ; Input: none
   88 0000003C         ; Output: none
   89 0000003C         ; This is a public function
   90 0000003C         ; Invariables: This function must not permanently modify
                        registers R4 to R11
   91 0000003C         IO_HeartBeat
   92 0000003C 480C            LDR              R0, =PF2    ;EOR the blue LED h
                                                            eartbeat
   93 0000003E 6801            LDR              R1, [R0]
   94 00000040 F081 0104       EOR              R1, #0x04
   95 00000044 6001            STR              R1, [R0]
   96 00000046         
   97 00000046 4770            BX               LR          ; return
   98 00000048         ;* * * * * * * * End of IO_HeartBeat * * * * * * * *
   99 00000048         
  100 00000048         ;------------IO_Touch------------
  101 00000048         ; First: wait for the of the release of the switch
  102 00000048         ; and then: wait for the touch of the switch
  103 00000048         ; Input: none
  104 00000048         ; Input: none
  105 00000048         ; Output: none
  106 00000048         ; This is a public function
  107 00000048         ; Invariables: This function must not permanently modify
                        registers R4 to R11
  108 00000048         IO_Touch
  109 00000048         loop
  110 00000048 480A            LDR              R0, =PF4
  111 0000004A 6801            LDR              R1, [R0]
  112 0000004C 2910            CMP              R1, #0x10
  113 0000004E D0FB            BEQ              loop        ;if switch is press
                                                            ed keep looping
  114 00000050         loop2
  115 00000050 4808            LDR              R0, =PF4
  116 00000052 6801            LDR              R1, [R0]
  117 00000054 2910            CMP              R1, #0x10
  118 00000056 D1FB            BNE              loop2       ;if switch is not p
                                                            ressed keep looping
                                                            
  119 00000058 4770            BX               LR          ; return



ARM Macro Assembler    Page 4 


  120 0000005A         ;* * * * * * * * End of IO_Touch * * * * * * * *
  121 0000005A         
  122 0000005A 00 00           ALIGN                        ; make sure the end
                                                             of this section is
                                                             aligned
  123 0000005C                 END                          ; end of file
              400FE608 
              40025400 
              4002551C 
              40025420 
              40025510 
              40025010 
              40025040 
Command Line: --debug --xref --cpu=Cortex-M4 --apcs=interwork --depend=.\io.d -
o.\io.o -IC:\Keil\ARM\RV31\INC -IC:\Keil\ARM\CMSIS\Include -IC:\Keil\ARM\Inc\Lu
minary --predefine="__EVAL SETA 1" --predefine="__MICROLIB SETA 1" --list=.\io.
lst IO.s



ARM Macro Assembler    Page 1 Alphabetic symbol ordering
Relocatable symbols

.text 00000000

Symbol: .text
   Definitions
      At line 46 in file IO.s
   Uses
      None
Comment: .text unused
IO_HeartBeat 0000003C

Symbol: IO_HeartBeat
   Definitions
      At line 91 in file IO.s
   Uses
      At line 20 in file IO.s
Comment: IO_HeartBeat used once
IO_Init 00000000

Symbol: IO_Init
   Definitions
      At line 57 in file IO.s
   Uses
      At line 18 in file IO.s
Comment: IO_Init used once
IO_Touch 00000048

Symbol: IO_Touch
   Definitions
      At line 108 in file IO.s
   Uses
      At line 19 in file IO.s
Comment: IO_Touch used once
loop 00000048

Symbol: loop
   Definitions
      At line 109 in file IO.s
   Uses
      At line 113 in file IO.s
Comment: loop used once
loop2 00000050

Symbol: loop2
   Definitions
      At line 114 in file IO.s
   Uses
      At line 118 in file IO.s
Comment: loop2 used once
6 symbols



ARM Macro Assembler    Page 1 Alphabetic symbol ordering
Absolute symbols

BLUE 00000004

Symbol: BLUE
   Definitions
      At line 39 in file IO.s
   Uses
      None
Comment: BLUE unused
GPIO_LOCK_KEY 4C4F434B

Symbol: GPIO_LOCK_KEY
   Definitions
      At line 31 in file IO.s
   Uses
      None
Comment: GPIO_LOCK_KEY unused
GPIO_PORTF_AFSEL_R 40025420

Symbol: GPIO_PORTF_AFSEL_R
   Definitions
      At line 24 in file IO.s
   Uses
      At line 73 in file IO.s
Comment: GPIO_PORTF_AFSEL_R used once
GPIO_PORTF_AMSEL_R 40025528

Symbol: GPIO_PORTF_AMSEL_R
   Definitions
      At line 29 in file IO.s
   Uses
      None
Comment: GPIO_PORTF_AMSEL_R unused
GPIO_PORTF_CR_R 40025524

Symbol: GPIO_PORTF_CR_R
   Definitions
      At line 28 in file IO.s
   Uses
      None
Comment: GPIO_PORTF_CR_R unused
GPIO_PORTF_DATA_R 400253FC

Symbol: GPIO_PORTF_DATA_R
   Definitions
      At line 22 in file IO.s
   Uses
      None
Comment: GPIO_PORTF_DATA_R unused
GPIO_PORTF_DEN_R 4002551C

Symbol: GPIO_PORTF_DEN_R
   Definitions
      At line 26 in file IO.s
   Uses
      At line 69 in file IO.s
Comment: GPIO_PORTF_DEN_R used once
GPIO_PORTF_DIR_R 40025400

Symbol: GPIO_PORTF_DIR_R



ARM Macro Assembler    Page 2 Alphabetic symbol ordering
Absolute symbols

   Definitions
      At line 23 in file IO.s
   Uses
      At line 64 in file IO.s
Comment: GPIO_PORTF_DIR_R used once
GPIO_PORTF_LOCK_R 40025520

Symbol: GPIO_PORTF_LOCK_R
   Definitions
      At line 27 in file IO.s
   Uses
      None
Comment: GPIO_PORTF_LOCK_R unused
GPIO_PORTF_PCTL_R 4002552C

Symbol: GPIO_PORTF_PCTL_R
   Definitions
      At line 30 in file IO.s
   Uses
      None
Comment: GPIO_PORTF_PCTL_R unused
GPIO_PORTF_PUR_R 40025510

Symbol: GPIO_PORTF_PUR_R
   Definitions
      At line 25 in file IO.s
   Uses
      At line 77 in file IO.s
Comment: GPIO_PORTF_PUR_R used once
GREEN 00000008

Symbol: GREEN
   Definitions
      At line 40 in file IO.s
   Uses
      None
Comment: GREEN unused
LEDS 40025038

Symbol: LEDS
   Definitions
      At line 37 in file IO.s
   Uses
      None
Comment: LEDS unused
PF0 40025004

Symbol: PF0
   Definitions
      At line 32 in file IO.s
   Uses
      None
Comment: PF0 unused
PF1 40025008

Symbol: PF1
   Definitions
      At line 33 in file IO.s
   Uses



ARM Macro Assembler    Page 3 Alphabetic symbol ordering
Absolute symbols

      None
Comment: PF1 unused
PF2 40025010

Symbol: PF2
   Definitions
      At line 34 in file IO.s
   Uses
      At line 92 in file IO.s
Comment: PF2 used once
PF3 40025020

Symbol: PF3
   Definitions
      At line 35 in file IO.s
   Uses
      None
Comment: PF3 unused
PF4 40025040

Symbol: PF4
   Definitions
      At line 36 in file IO.s
   Uses
      At line 110 in file IO.s
      At line 115 in file IO.s

RED 00000002

Symbol: RED
   Definitions
      At line 38 in file IO.s
   Uses
      None
Comment: RED unused
SW1 00000010

Symbol: SW1
   Definitions
      At line 42 in file IO.s
   Uses
      None
Comment: SW1 unused
SW2 00000001

Symbol: SW2
   Definitions
      At line 43 in file IO.s
   Uses
      None
Comment: SW2 unused
SWITCHES 40025044

Symbol: SWITCHES
   Definitions
      At line 41 in file IO.s
   Uses
      None
Comment: SWITCHES unused



ARM Macro Assembler    Page 4 Alphabetic symbol ordering
Absolute symbols

SYSCTL_RCGCGPIO_R 400FE608

Symbol: SYSCTL_RCGCGPIO_R
   Definitions
      At line 44 in file IO.s
   Uses
      At line 58 in file IO.s
Comment: SYSCTL_RCGCGPIO_R used once
23 symbols
363 symbols in table
